C:\USERS\DSSD\DESKTOP\U_WIN32\EXERCISES\MYTHREADPROC\MYTHREADPROC\DEBUG\WINMAIN.OBJ
C:\USERS\DSSD\DESKTOP\U_WIN32\EXERCISES\MYTHREADPROC\MYTHREADPROC\DEBUG\VC110.PDB
C:\USERS\DSSD\DESKTOP\U_WIN32\EXERCISES\MYTHREADPROC\DEBUG\MYTHREADPROC.ILK
C:\USERS\DSSD\DESKTOP\U_WIN32\EXERCISES\MYTHREADPROC\DEBUG\MYTHREADPROC.EXE
C:\USERS\DSSD\DESKTOP\U_WIN32\EXERCISES\MYTHREADPROC\DEBUG\MYTHREADPROC.PDB
C:\Users\dssd\Desktop\u_WIN32\Exercises\MyThreadProc\MyThreadProc\Debug\WinMain.obj
C:\Users\dssd\Desktop\u_WIN32\Exercises\MyThreadProc\MyThreadProc\Debug\cl.command.1.tlog
C:\Users\dssd\Desktop\u_WIN32\Exercises\MyThreadProc\MyThreadProc\Debug\CL.read.1.tlog
C:\Users\dssd\Desktop\u_WIN32\Exercises\MyThreadProc\MyThreadProc\Debug\CL.write.1.tlog
C:\Users\dssd\Desktop\u_WIN32\Exercises\MyThreadProc\MyThreadProc\Debug\link-cvtres.read.1.tlog
C:\Users\dssd\Desktop\u_WIN32\Exercises\MyThreadProc\MyThreadProc\Debug\link-cvtres.write.1.tlog
C:\Users\dssd\Desktop\u_WIN32\Exercises\MyThreadProc\MyThreadProc\Debug\link-rc.read.1.tlog
C:\Users\dssd\Desktop\u_WIN32\Exercises\MyThreadProc\MyThreadProc\Debug\link-rc.write.1.tlog
C:\Users\dssd\Desktop\u_WIN32\Exercises\MyThreadProc\MyThreadProc\Debug\link.command.1.tlog
C:\Users\dssd\Desktop\u_WIN32\Exercises\MyThreadProc\MyThreadProc\Debug\link.read.1.tlog
C:\Users\dssd\Desktop\u_WIN32\Exercises\MyThreadProc\MyThreadProc\Debug\link.write.1.tlog
C:\Users\dssd\Desktop\u_WIN32\Exercises\MyThreadProc\MyThreadProc\Debug\vc110.idb
C:\Users\dssd\Desktop\u_WIN32\Exercises\MyThreadProc\MyThreadProc\Debug\vc110.pdb
C:\Users\dssd\Desktop\u_WIN32\Exercises\MyThreadProc\Debug\MyThreadProc.pdb
C:\Users\dssd\Desktop\u_WIN32\Exercises\MyThreadProc\Debug\MyThreadProc.exe
C:\Users\dssd\Desktop\u_WIN32\Exercises\MyThreadProc\Debug\MyThreadProc.ilk
