C:\USERS\DSSD\DESKTOP\U_WIN32\EXERCISES\HELLOWINMAIN\HELLOWINMAIN\DEBUG\WINMAIN.OBJ
C:\USERS\DSSD\DESKTOP\U_WIN32\EXERCISES\HELLOWINMAIN\HELLOWINMAIN\DEBUG\VC110.PDB
C:\USERS\DSSD\DESKTOP\U_WIN32\EXERCISES\HELLOWINMAIN\DEBUG\HELLOWINMAIN.ILK
C:\USERS\DSSD\DESKTOP\U_WIN32\EXERCISES\HELLOWINMAIN\DEBUG\HELLOWINMAIN.EXE
C:\USERS\DSSD\DESKTOP\U_WIN32\EXERCISES\HELLOWINMAIN\DEBUG\HELLOWINMAIN.PDB
C:\Users\dssd\Desktop\u_WIN32\Exercises\HelloWinMain\HelloWinMain\Debug\WinMain.obj
C:\Users\dssd\Desktop\u_WIN32\Exercises\HelloWinMain\HelloWinMain\Debug\cl.command.1.tlog
C:\Users\dssd\Desktop\u_WIN32\Exercises\HelloWinMain\HelloWinMain\Debug\CL.read.1.tlog
C:\Users\dssd\Desktop\u_WIN32\Exercises\HelloWinMain\HelloWinMain\Debug\CL.write.1.tlog
C:\Users\dssd\Desktop\u_WIN32\Exercises\HelloWinMain\HelloWinMain\Debug\link-cvtres.read.1.tlog
C:\Users\dssd\Desktop\u_WIN32\Exercises\HelloWinMain\HelloWinMain\Debug\link-cvtres.write.1.tlog
C:\Users\dssd\Desktop\u_WIN32\Exercises\HelloWinMain\HelloWinMain\Debug\link-rc.read.1.tlog
C:\Users\dssd\Desktop\u_WIN32\Exercises\HelloWinMain\HelloWinMain\Debug\link-rc.write.1.tlog
C:\Users\dssd\Desktop\u_WIN32\Exercises\HelloWinMain\HelloWinMain\Debug\link.command.1.tlog
C:\Users\dssd\Desktop\u_WIN32\Exercises\HelloWinMain\HelloWinMain\Debug\link.read.1.tlog
C:\Users\dssd\Desktop\u_WIN32\Exercises\HelloWinMain\HelloWinMain\Debug\link.write.1.tlog
C:\Users\dssd\Desktop\u_WIN32\Exercises\HelloWinMain\HelloWinMain\Debug\vc110.idb
C:\Users\dssd\Desktop\u_WIN32\Exercises\HelloWinMain\HelloWinMain\Debug\vc110.pdb
C:\Users\dssd\Desktop\u_WIN32\Exercises\HelloWinMain\Debug\HelloWinMain.pdb
C:\Users\dssd\Desktop\u_WIN32\Exercises\HelloWinMain\Debug\HelloWinMain.exe
C:\Users\dssd\Desktop\u_WIN32\Exercises\HelloWinMain\Debug\HelloWinMain.ilk
