C:\USERS\DSSD\DESKTOP\U_WIN32\EXERCISES\PROCESS_CREATION\PROCESS_CREATION\DEBUG\WINMAIN.OBJ
C:\USERS\DSSD\DESKTOP\U_WIN32\EXERCISES\PROCESS_CREATION\PROCESS_CREATION\DEBUG\VC110.PDB
C:\USERS\DSSD\DESKTOP\U_WIN32\EXERCISES\PROCESS_CREATION\DEBUG\PROCESS_CREATION.ILK
C:\USERS\DSSD\DESKTOP\U_WIN32\EXERCISES\PROCESS_CREATION\DEBUG\PROCESS_CREATION.EXE
C:\USERS\DSSD\DESKTOP\U_WIN32\EXERCISES\PROCESS_CREATION\DEBUG\PROCESS_CREATION.PDB
C:\Users\dssd\Desktop\u_WIN32\Exercises\Process_Creation\Process_Creation\Debug\WinMain.obj
C:\Users\dssd\Desktop\u_WIN32\Exercises\Process_Creation\Process_Creation\Debug\cl.command.1.tlog
C:\Users\dssd\Desktop\u_WIN32\Exercises\Process_Creation\Process_Creation\Debug\CL.read.1.tlog
C:\Users\dssd\Desktop\u_WIN32\Exercises\Process_Creation\Process_Creation\Debug\CL.write.1.tlog
C:\Users\dssd\Desktop\u_WIN32\Exercises\Process_Creation\Process_Creation\Debug\link-cvtres.read.1.tlog
C:\Users\dssd\Desktop\u_WIN32\Exercises\Process_Creation\Process_Creation\Debug\link-cvtres.write.1.tlog
C:\Users\dssd\Desktop\u_WIN32\Exercises\Process_Creation\Process_Creation\Debug\link-rc.read.1.tlog
C:\Users\dssd\Desktop\u_WIN32\Exercises\Process_Creation\Process_Creation\Debug\link-rc.write.1.tlog
C:\Users\dssd\Desktop\u_WIN32\Exercises\Process_Creation\Process_Creation\Debug\link.command.1.tlog
C:\Users\dssd\Desktop\u_WIN32\Exercises\Process_Creation\Process_Creation\Debug\link.read.1.tlog
C:\Users\dssd\Desktop\u_WIN32\Exercises\Process_Creation\Process_Creation\Debug\link.write.1.tlog
C:\Users\dssd\Desktop\u_WIN32\Exercises\Process_Creation\Process_Creation\Debug\vc110.idb
C:\Users\dssd\Desktop\u_WIN32\Exercises\Process_Creation\Process_Creation\Debug\vc110.pdb
C:\Users\dssd\Desktop\u_WIN32\Exercises\Process_Creation\Debug\Process_Creation.pdb
C:\Users\dssd\Desktop\u_WIN32\Exercises\Process_Creation\Debug\Process_Creation.exe
C:\Users\dssd\Desktop\u_WIN32\Exercises\Process_Creation\Debug\Process_Creation.ilk
